2020-10-29 14:54:35.566  INFO 41320 --- [restartedMain] c.c.ofd.RestaurantManagementApplication  : No active profile set, falling back to default profiles: default
2020-10-29 14:54:37.057  WARN 41320 --- [restartedMain] JpaBaseConfiguration$JpaWebConfiguration : spring.jpa.open-in-view is enabled by default. Therefore, database queries may be performed during view rendering. Explicitly configure spring.jpa.open-in-view to disable this warning
2020-10-29 14:54:37.790  WARN 41320 --- [restartedMain] c.n.c.sources.URLConfigurationSource     : No URLs will be polled as dynamic configuration sources.
2020-10-29 14:54:38.305  WARN 41320 --- [restartedMain] ockingLoadBalancerClientRibbonWarnLogger : You already have RibbonLoadBalancerClient on your classpath. It will be used by default. As Spring Cloud Ribbon is in maintenance mode. We recommend switching to BlockingLoadBalancerClient instead. In order to use it, set the value of `spring.cloud.loadbalancer.ribbon.enabled` to `false` or remove spring-cloud-starter-netflix-ribbon from your project.
2020-10-29 14:54:38.937  INFO 41320 --- [restartedMain] c.c.ofd.RestaurantManagementApplication  : Started RestaurantManagementApplication in 4.505 seconds (JVM running for 3818.628)
2020-10-29 15:40:33.605  WARN 41320 --- [Thread-84] com.netflix.discovery.DiscoveryClient    : Saw local status change event StatusChangeEvent [timestamp=1603966233605, current=DOWN, previous=UP]
2020-10-29 15:40:39.112  INFO 41320 --- [restartedMain] c.c.ofd.RestaurantManagementApplication  : No active profile set, falling back to default profiles: default
2020-10-29 15:40:41.561  WARN 41320 --- [restartedMain] ConfigServletWebServerApplicationContext : Exception encountered during context initialization - cancelling refresh attempt: org.springframework.beans.factory.UnsatisfiedDependencyException: Error creating bean with name 'restaurantController': Unsatisfied dependency expressed through field 'restservice'; nested exception is org.springframework.beans.factory.BeanCreationException: Error creating bean with name 'restaurantServiceImpl' defined in file [D:\BootCamp Training\BootCamp2\Project\RestaurantManagement\target\classes\com\cg\ofd\service\RestaurantServiceImpl.class]: Instantiation of bean failed; nested exception is org.springframework.beans.BeanInstantiationException: Failed to instantiate [com.cg.ofd.service.RestaurantServiceImpl]: Constructor threw exception; nested exception is java.lang.Error: Unresolved compilation problem: 
	The method getItemName() is undefined for the type Restaurant

2020-10-29 15:40:41.913 ERROR 41320 --- [restartedMain] o.s.boot.SpringApplication               : Application run failed

org.springframework.beans.factory.UnsatisfiedDependencyException: Error creating bean with name 'restaurantController': Unsatisfied dependency expressed through field 'restservice'; nested exception is org.springframework.beans.factory.BeanCreationException: Error creating bean with name 'restaurantServiceImpl' defined in file [D:\BootCamp Training\BootCamp2\Project\RestaurantManagement\target\classes\com\cg\ofd\service\RestaurantServiceImpl.class]: Instantiation of bean failed; nested exception is org.springframework.beans.BeanInstantiationException: Failed to instantiate [com.cg.ofd.service.RestaurantServiceImpl]: Constructor threw exception; nested exception is java.lang.Error: Unresolved compilation problem: 
	The method getItemName() is undefined for the type Restaurant

	at org.springframework.beans.factory.annotation.AutowiredAnnotationBeanPostProcessor$AutowiredFieldElement.inject(AutowiredAnnotationBeanPostProcessor.java:643) ~[spring-beans-5.2.9.RELEASE.jar:5.2.9.RELEASE]
	at org.springframework.beans.factory.annotation.InjectionMetadata.inject(InjectionMetadata.java:130) ~[spring-beans-5.2.9.RELEASE.jar:5.2.9.RELEASE]
	at org.springframework.beans.factory.annotation.AutowiredAnnotationBeanPostProcessor.postProcessProperties(AutowiredAnnotationBeanPostProcessor.java:399) ~[spring-beans-5.2.9.RELEASE.jar:5.2.9.RELEASE]
	at org.springframework.beans.factory.support.AbstractAutowireCapableBeanFactory.populateBean(AbstractAutowireCapableBeanFactory.java:1420) ~[spring-beans-5.2.9.RELEASE.jar:5.2.9.RELEASE]
	at org.springframework.beans.factory.support.AbstractAutowireCapableBeanFactory.doCreateBean(AbstractAutowireCapableBeanFactory.java:593) ~[spring-beans-5.2.9.RELEASE.jar:5.2.9.RELEASE]
	at org.springframework.beans.factory.support.AbstractAutowireCapableBeanFactory.createBean(AbstractAutowireCapableBeanFactory.java:516) ~[spring-beans-5.2.9.RELEASE.jar:5.2.9.RELEASE]
	at org.springframework.beans.factory.support.AbstractBeanFactory.lambda$doGetBean$0(AbstractBeanFactory.java:324) ~[spring-beans-5.2.9.RELEASE.jar:5.2.9.RELEASE]
	at org.springframework.beans.factory.support.DefaultSingletonBeanRegistry.getSingleton(DefaultSingletonBeanRegistry.java:234) ~[spring-beans-5.2.9.RELEASE.jar:5.2.9.RELEASE]
	at org.springframework.beans.factory.support.AbstractBeanFactory.doGetBean(AbstractBeanFactory.java:322) ~[spring-beans-5.2.9.RELEASE.jar:5.2.9.RELEASE]
	at org.springframework.beans.factory.support.AbstractBeanFactory.getBean(AbstractBeanFactory.java:202) ~[spring-beans-5.2.9.RELEASE.jar:5.2.9.RELEASE]
	at org.springframework.beans.factory.support.DefaultListableBeanFactory.preInstantiateSingletons(DefaultListableBeanFactory.java:897) ~[spring-beans-5.2.9.RELEASE.jar:5.2.9.RELEASE]
	at org.springframework.context.support.AbstractApplicationContext.finishBeanFactoryInitialization(AbstractApplicationContext.java:879) ~[spring-context-5.2.9.RELEASE.jar:5.2.9.RELEASE]
	at org.springframework.context.support.AbstractApplicationContext.refresh(AbstractApplicationContext.java:551) ~[spring-context-5.2.9.RELEASE.jar:5.2.9.RELEASE]
	at org.springframework.boot.web.servlet.context.ServletWebServerApplicationContext.refresh(ServletWebServerApplicationContext.java:143) ~[spring-boot-2.3.4.RELEASE.jar:2.3.4.RELEASE]
	at org.springframework.boot.SpringApplication.refresh(SpringApplication.java:758) [spring-boot-2.3.4.RELEASE.jar:2.3.4.RELEASE]
	at org.springframework.boot.SpringApplication.refresh(SpringApplication.java:750) [spring-boot-2.3.4.RELEASE.jar:2.3.4.RELEASE]
	at org.springframework.boot.SpringApplication.refreshContext(SpringApplication.java:397) [spring-boot-2.3.4.RELEASE.jar:2.3.4.RELEASE]
	at org.springframework.boot.SpringApplication.run(SpringApplication.java:315) [spring-boot-2.3.4.RELEASE.jar:2.3.4.RELEASE]
	at org.springframework.boot.SpringApplication.run(SpringApplication.java:1237) [spring-boot-2.3.4.RELEASE.jar:2.3.4.RELEASE]
	at org.springframework.boot.SpringApplication.run(SpringApplication.java:1226) [spring-boot-2.3.4.RELEASE.jar:2.3.4.RELEASE]
	at com.cg.ofd.RestaurantManagementApplication.main(RestaurantManagementApplication.java:28) [classes/:na]
	at sun.reflect.NativeMethodAccessorImpl.invoke0(Native Method) ~[na:1.8.0_201]
	at sun.reflect.NativeMethodAccessorImpl.invoke(NativeMethodAccessorImpl.java:62) ~[na:1.8.0_201]
	at sun.reflect.DelegatingMethodAccessorImpl.invoke(DelegatingMethodAccessorImpl.java:43) ~[na:1.8.0_201]
	at java.lang.reflect.Method.invoke(Method.java:498) ~[na:1.8.0_201]
	at org.springframework.boot.devtools.restart.RestartLauncher.run(RestartLauncher.java:49) [spring-boot-devtools-2.3.4.RELEASE.jar:2.3.4.RELEASE]
Caused by: org.springframework.beans.factory.BeanCreationException: Error creating bean with name 'restaurantServiceImpl' defined in file [D:\BootCamp Training\BootCamp2\Project\RestaurantManagement\target\classes\com\cg\ofd\service\RestaurantServiceImpl.class]: Instantiation of bean failed; nested exception is org.springframework.beans.BeanInstantiationException: Failed to instantiate [com.cg.ofd.service.RestaurantServiceImpl]: Constructor threw exception; nested exception is java.lang.Error: Unresolved compilation problem: 
	The method getItemName() is undefined for the type Restaurant

	at org.springframework.beans.factory.support.AbstractAutowireCapableBeanFactory.instantiateBean(AbstractAutowireCapableBeanFactory.java:1318) ~[spring-beans-5.2.9.RELEASE.jar:5.2.9.RELEASE]
	at org.springframework.beans.factory.support.AbstractAutowireCapableBeanFactory.createBeanInstance(AbstractAutowireCapableBeanFactory.java:1213) ~[spring-beans-5.2.9.RELEASE.jar:5.2.9.RELEASE]
	at org.springframework.beans.factory.support.AbstractAutowireCapableBeanFactory.doCreateBean(AbstractAutowireCapableBeanFactory.java:556) ~[spring-beans-5.2.9.RELEASE.jar:5.2.9.RELEASE]
	at org.springframework.beans.factory.support.AbstractAutowireCapableBeanFactory.createBean(AbstractAutowireCapableBeanFactory.java:516) ~[spring-beans-5.2.9.RELEASE.jar:5.2.9.RELEASE]
	at org.springframework.beans.factory.support.AbstractBeanFactory.lambda$doGetBean$0(AbstractBeanFactory.java:324) ~[spring-beans-5.2.9.RELEASE.jar:5.2.9.RELEASE]
	at org.springframework.beans.factory.support.DefaultSingletonBeanRegistry.getSingleton(DefaultSingletonBeanRegistry.java:234) ~[spring-beans-5.2.9.RELEASE.jar:5.2.9.RELEASE]
	at org.springframework.beans.factory.support.AbstractBeanFactory.doGetBean(AbstractBeanFactory.java:322) ~[spring-beans-5.2.9.RELEASE.jar:5.2.9.RELEASE]
	at org.springframework.beans.factory.support.AbstractBeanFactory.getBean(AbstractBeanFactory.java:202) ~[spring-beans-5.2.9.RELEASE.jar:5.2.9.RELEASE]
	at org.springframework.beans.factory.config.DependencyDescriptor.resolveCandidate(DependencyDescriptor.java:276) ~[spring-beans-5.2.9.RELEASE.jar:5.2.9.RELEASE]
	at org.springframework.beans.factory.support.DefaultListableBeanFactory.doResolveDependency(DefaultListableBeanFactory.java:1307) ~[spring-beans-5.2.9.RELEASE.jar:5.2.9.RELEASE]
	at org.springframework.beans.factory.support.DefaultListableBeanFactory.resolveDependency(DefaultListableBeanFactory.java:1227) ~[spring-beans-5.2.9.RELEASE.jar:5.2.9.RELEASE]
	at org.springframework.beans.factory.annotation.AutowiredAnnotationBeanPostProcessor$AutowiredFieldElement.inject(AutowiredAnnotationBeanPostProcessor.java:640) ~[spring-beans-5.2.9.RELEASE.jar:5.2.9.RELEASE]
	... 25 common frames omitted
Caused by: org.springframework.beans.BeanInstantiationException: Failed to instantiate [com.cg.ofd.service.RestaurantServiceImpl]: Constructor threw exception; nested exception is java.lang.Error: Unresolved compilation problem: 
	The method getItemName() is undefined for the type Restaurant

	at org.springframework.beans.BeanUtils.instantiateClass(BeanUtils.java:217) ~[spring-beans-5.2.9.RELEASE.jar:5.2.9.RELEASE]
	at org.springframework.beans.factory.support.SimpleInstantiationStrategy.instantiate(SimpleInstantiationStrategy.java:87) ~[spring-beans-5.2.9.RELEASE.jar:5.2.9.RELEASE]
	at org.springframework.beans.factory.support.AbstractAutowireCapableBeanFactory.instantiateBean(AbstractAutowireCapableBeanFactory.java:1310) ~[spring-beans-5.2.9.RELEASE.jar:5.2.9.RELEASE]
	... 36 common frames omitted
Caused by: java.lang.Error: Unresolved compilation problem: 
	The method getItemName() is undefined for the type Restaurant

	at com.cg.ofd.service.RestaurantServiceImpl.<init>(RestaurantServiceImpl.java:56) ~[classes/:na]
	at sun.reflect.NativeConstructorAccessorImpl.newInstance0(Native Method) ~[na:1.8.0_201]
	at sun.reflect.NativeConstructorAccessorImpl.newInstance(NativeConstructorAccessorImpl.java:62) ~[na:1.8.0_201]
	at sun.reflect.DelegatingConstructorAccessorImpl.newInstance(DelegatingConstructorAccessorImpl.java:45) ~[na:1.8.0_201]
	at java.lang.reflect.Constructor.newInstance(Constructor.java:423) ~[na:1.8.0_201]
	at org.springframework.beans.BeanUtils.instantiateClass(BeanUtils.java:204) ~[spring-beans-5.2.9.RELEASE.jar:5.2.9.RELEASE]
	... 38 common frames omitted

2020-10-29 15:41:41.892  INFO 41320 --- [restartedMain] c.c.ofd.RestaurantManagementApplication  : No active profile set, falling back to default profiles: default
2020-10-29 15:41:43.556  WARN 41320 --- [restartedMain] ConfigServletWebServerApplicationContext : Exception encountered during context initialization - cancelling refresh attempt: org.springframework.beans.factory.UnsatisfiedDependencyException: Error creating bean with name 'restaurantController': Unsatisfied dependency expressed through field 'restservice'; nested exception is org.springframework.beans.factory.BeanCreationException: Error creating bean with name 'restaurantServiceImpl' defined in file [D:\BootCamp Training\BootCamp2\Project\RestaurantManagement\target\classes\com\cg\ofd\service\RestaurantServiceImpl.class]: Instantiation of bean failed; nested exception is org.springframework.beans.BeanInstantiationException: Failed to instantiate [com.cg.ofd.service.RestaurantServiceImpl]: Constructor threw exception; nested exception is java.lang.Error: Unresolved compilation problem: 
	The method getItemName() is undefined for the type Restaurant

2020-10-29 15:41:43.793 ERROR 41320 --- [restartedMain] o.s.boot.SpringApplication               : Application run failed

org.springframework.beans.factory.UnsatisfiedDependencyException: Error creating bean with name 'restaurantController': Unsatisfied dependency expressed through field 'restservice'; nested exception is org.springframework.beans.factory.BeanCreationException: Error creating bean with name 'restaurantServiceImpl' defined in file [D:\BootCamp Training\BootCamp2\Project\RestaurantManagement\target\classes\com\cg\ofd\service\RestaurantServiceImpl.class]: Instantiation of bean failed; nested exception is org.springframework.beans.BeanInstantiationException: Failed to instantiate [com.cg.ofd.service.RestaurantServiceImpl]: Constructor threw exception; nested exception is java.lang.Error: Unresolved compilation problem: 
	The method getItemName() is undefined for the type Restaurant

	at org.springframework.beans.factory.annotation.AutowiredAnnotationBeanPostProcessor$AutowiredFieldElement.inject(AutowiredAnnotationBeanPostProcessor.java:643) ~[spring-beans-5.2.9.RELEASE.jar:5.2.9.RELEASE]
	at org.springframework.beans.factory.annotation.InjectionMetadata.inject(InjectionMetadata.java:130) ~[spring-beans-5.2.9.RELEASE.jar:5.2.9.RELEASE]
	at org.springframework.beans.factory.annotation.AutowiredAnnotationBeanPostProcessor.postProcessProperties(AutowiredAnnotationBeanPostProcessor.java:399) ~[spring-beans-5.2.9.RELEASE.jar:5.2.9.RELEASE]
	at org.springframework.beans.factory.support.AbstractAutowireCapableBeanFactory.populateBean(AbstractAutowireCapableBeanFactory.java:1420) ~[spring-beans-5.2.9.RELEASE.jar:5.2.9.RELEASE]
	at org.springframework.beans.factory.support.AbstractAutowireCapableBeanFactory.doCreateBean(AbstractAutowireCapableBeanFactory.java:593) ~[spring-beans-5.2.9.RELEASE.jar:5.2.9.RELEASE]
	at org.springframework.beans.factory.support.AbstractAutowireCapableBeanFactory.createBean(AbstractAutowireCapableBeanFactory.java:516) ~[spring-beans-5.2.9.RELEASE.jar:5.2.9.RELEASE]
	at org.springframework.beans.factory.support.AbstractBeanFactory.lambda$doGetBean$0(AbstractBeanFactory.java:324) ~[spring-beans-5.2.9.RELEASE.jar:5.2.9.RELEASE]
	at org.springframework.beans.factory.support.DefaultSingletonBeanRegistry.getSingleton(DefaultSingletonBeanRegistry.java:234) ~[spring-beans-5.2.9.RELEASE.jar:5.2.9.RELEASE]
	at org.springframework.beans.factory.support.AbstractBeanFactory.doGetBean(AbstractBeanFactory.java:322) ~[spring-beans-5.2.9.RELEASE.jar:5.2.9.RELEASE]
	at org.springframework.beans.factory.support.AbstractBeanFactory.getBean(AbstractBeanFactory.java:202) ~[spring-beans-5.2.9.RELEASE.jar:5.2.9.RELEASE]
	at org.springframework.beans.factory.support.DefaultListableBeanFactory.preInstantiateSingletons(DefaultListableBeanFactory.java:897) ~[spring-beans-5.2.9.RELEASE.jar:5.2.9.RELEASE]
	at org.springframework.context.support.AbstractApplicationContext.finishBeanFactoryInitialization(AbstractApplicationContext.java:879) ~[spring-context-5.2.9.RELEASE.jar:5.2.9.RELEASE]
	at org.springframework.context.support.AbstractApplicationContext.refresh(AbstractApplicationContext.java:551) ~[spring-context-5.2.9.RELEASE.jar:5.2.9.RELEASE]
	at org.springframework.boot.web.servlet.context.ServletWebServerApplicationContext.refresh(ServletWebServerApplicationContext.java:143) ~[spring-boot-2.3.4.RELEASE.jar:2.3.4.RELEASE]
	at org.springframework.boot.SpringApplication.refresh(SpringApplication.java:758) [spring-boot-2.3.4.RELEASE.jar:2.3.4.RELEASE]
	at org.springframework.boot.SpringApplication.refresh(SpringApplication.java:750) [spring-boot-2.3.4.RELEASE.jar:2.3.4.RELEASE]
	at org.springframework.boot.SpringApplication.refreshContext(SpringApplication.java:397) [spring-boot-2.3.4.RELEASE.jar:2.3.4.RELEASE]
	at org.springframework.boot.SpringApplication.run(SpringApplication.java:315) [spring-boot-2.3.4.RELEASE.jar:2.3.4.RELEASE]
	at org.springframework.boot.SpringApplication.run(SpringApplication.java:1237) [spring-boot-2.3.4.RELEASE.jar:2.3.4.RELEASE]
	at org.springframework.boot.SpringApplication.run(SpringApplication.java:1226) [spring-boot-2.3.4.RELEASE.jar:2.3.4.RELEASE]
	at com.cg.ofd.RestaurantManagementApplication.main(RestaurantManagementApplication.java:28) [classes/:na]
	at sun.reflect.NativeMethodAccessorImpl.invoke0(Native Method) ~[na:1.8.0_201]
	at sun.reflect.NativeMethodAccessorImpl.invoke(NativeMethodAccessorImpl.java:62) ~[na:1.8.0_201]
	at sun.reflect.DelegatingMethodAccessorImpl.invoke(DelegatingMethodAccessorImpl.java:43) ~[na:1.8.0_201]
	at java.lang.reflect.Method.invoke(Method.java:498) ~[na:1.8.0_201]
	at org.springframework.boot.devtools.restart.RestartLauncher.run(RestartLauncher.java:49) [spring-boot-devtools-2.3.4.RELEASE.jar:2.3.4.RELEASE]
Caused by: org.springframework.beans.factory.BeanCreationException: Error creating bean with name 'restaurantServiceImpl' defined in file [D:\BootCamp Training\BootCamp2\Project\RestaurantManagement\target\classes\com\cg\ofd\service\RestaurantServiceImpl.class]: Instantiation of bean failed; nested exception is org.springframework.beans.BeanInstantiationException: Failed to instantiate [com.cg.ofd.service.RestaurantServiceImpl]: Constructor threw exception; nested exception is java.lang.Error: Unresolved compilation problem: 
	The method getItemName() is undefined for the type Restaurant

	at org.springframework.beans.factory.support.AbstractAutowireCapableBeanFactory.instantiateBean(AbstractAutowireCapableBeanFactory.java:1318) ~[spring-beans-5.2.9.RELEASE.jar:5.2.9.RELEASE]
	at org.springframework.beans.factory.support.AbstractAutowireCapableBeanFactory.createBeanInstance(AbstractAutowireCapableBeanFactory.java:1213) ~[spring-beans-5.2.9.RELEASE.jar:5.2.9.RELEASE]
	at org.springframework.beans.factory.support.AbstractAutowireCapableBeanFactory.doCreateBean(AbstractAutowireCapableBeanFactory.java:556) ~[spring-beans-5.2.9.RELEASE.jar:5.2.9.RELEASE]
	at org.springframework.beans.factory.support.AbstractAutowireCapableBeanFactory.createBean(AbstractAutowireCapableBeanFactory.java:516) ~[spring-beans-5.2.9.RELEASE.jar:5.2.9.RELEASE]
	at org.springframework.beans.factory.support.AbstractBeanFactory.lambda$doGetBean$0(AbstractBeanFactory.java:324) ~[spring-beans-5.2.9.RELEASE.jar:5.2.9.RELEASE]
	at org.springframework.beans.factory.support.DefaultSingletonBeanRegistry.getSingleton(DefaultSingletonBeanRegistry.java:234) ~[spring-beans-5.2.9.RELEASE.jar:5.2.9.RELEASE]
	at org.springframework.beans.factory.support.AbstractBeanFactory.doGetBean(AbstractBeanFactory.java:322) ~[spring-beans-5.2.9.RELEASE.jar:5.2.9.RELEASE]
	at org.springframework.beans.factory.support.AbstractBeanFactory.getBean(AbstractBeanFactory.java:202) ~[spring-beans-5.2.9.RELEASE.jar:5.2.9.RELEASE]
	at org.springframework.beans.factory.config.DependencyDescriptor.resolveCandidate(DependencyDescriptor.java:276) ~[spring-beans-5.2.9.RELEASE.jar:5.2.9.RELEASE]
	at org.springframework.beans.factory.support.DefaultListableBeanFactory.doResolveDependency(DefaultListableBeanFactory.java:1307) ~[spring-beans-5.2.9.RELEASE.jar:5.2.9.RELEASE]
	at org.springframework.beans.factory.support.DefaultListableBeanFactory.resolveDependency(DefaultListableBeanFactory.java:1227) ~[spring-beans-5.2.9.RELEASE.jar:5.2.9.RELEASE]
	at org.springframework.beans.factory.annotation.AutowiredAnnotationBeanPostProcessor$AutowiredFieldElement.inject(AutowiredAnnotationBeanPostProcessor.java:640) ~[spring-beans-5.2.9.RELEASE.jar:5.2.9.RELEASE]
	... 25 common frames omitted
Caused by: org.springframework.beans.BeanInstantiationException: Failed to instantiate [com.cg.ofd.service.RestaurantServiceImpl]: Constructor threw exception; nested exception is java.lang.Error: Unresolved compilation problem: 
	The method getItemName() is undefined for the type Restaurant

	at org.springframework.beans.BeanUtils.instantiateClass(BeanUtils.java:217) ~[spring-beans-5.2.9.RELEASE.jar:5.2.9.RELEASE]
	at org.springframework.beans.factory.support.SimpleInstantiationStrategy.instantiate(SimpleInstantiationStrategy.java:87) ~[spring-beans-5.2.9.RELEASE.jar:5.2.9.RELEASE]
	at org.springframework.beans.factory.support.AbstractAutowireCapableBeanFactory.instantiateBean(AbstractAutowireCapableBeanFactory.java:1310) ~[spring-beans-5.2.9.RELEASE.jar:5.2.9.RELEASE]
	... 36 common frames omitted
Caused by: java.lang.Error: Unresolved compilation problem: 
	The method getItemName() is undefined for the type Restaurant

	at com.cg.ofd.service.RestaurantServiceImpl.<init>(RestaurantServiceImpl.java:56) ~[classes/:na]
	at sun.reflect.NativeConstructorAccessorImpl.newInstance0(Native Method) ~[na:1.8.0_201]
	at sun.reflect.NativeConstructorAccessorImpl.newInstance(NativeConstructorAccessorImpl.java:62) ~[na:1.8.0_201]
	at sun.reflect.DelegatingConstructorAccessorImpl.newInstance(DelegatingConstructorAccessorImpl.java:45) ~[na:1.8.0_201]
	at java.lang.reflect.Constructor.newInstance(Constructor.java:423) ~[na:1.8.0_201]
	at org.springframework.beans.BeanUtils.instantiateClass(BeanUtils.java:204) ~[spring-beans-5.2.9.RELEASE.jar:5.2.9.RELEASE]
	... 38 common frames omitted

2020-10-29 15:42:27.181  INFO 41320 --- [restartedMain] c.c.ofd.RestaurantManagementApplication  : No active profile set, falling back to default profiles: default
2020-10-29 15:42:28.300  WARN 41320 --- [restartedMain] ConfigServletWebServerApplicationContext : Exception encountered during context initialization - cancelling refresh attempt: org.springframework.beans.factory.UnsatisfiedDependencyException: Error creating bean with name 'restaurantController': Unsatisfied dependency expressed through field 'restservice'; nested exception is org.springframework.beans.factory.BeanCreationException: Error creating bean with name 'restaurantServiceImpl' defined in file [D:\BootCamp Training\BootCamp2\Project\RestaurantManagement\target\classes\com\cg\ofd\service\RestaurantServiceImpl.class]: Instantiation of bean failed; nested exception is org.springframework.beans.BeanInstantiationException: Failed to instantiate [com.cg.ofd.service.RestaurantServiceImpl]: Constructor threw exception; nested exception is java.lang.Error: Unresolved compilation problem: 
	The method getItemName() is undefined for the type List<Items>

2020-10-29 15:42:28.569 ERROR 41320 --- [restartedMain] o.s.boot.SpringApplication               : Application run failed

org.springframework.beans.factory.UnsatisfiedDependencyException: Error creating bean with name 'restaurantController': Unsatisfied dependency expressed through field 'restservice'; nested exception is org.springframework.beans.factory.BeanCreationException: Error creating bean with name 'restaurantServiceImpl' defined in file [D:\BootCamp Training\BootCamp2\Project\RestaurantManagement\target\classes\com\cg\ofd\service\RestaurantServiceImpl.class]: Instantiation of bean failed; nested exception is org.springframework.beans.BeanInstantiationException: Failed to instantiate [com.cg.ofd.service.RestaurantServiceImpl]: Constructor threw exception; nested exception is java.lang.Error: Unresolved compilation problem: 
	The method getItemName() is undefined for the type List<Items>

	at org.springframework.beans.factory.annotation.AutowiredAnnotationBeanPostProcessor$AutowiredFieldElement.inject(AutowiredAnnotationBeanPostProcessor.java:643) ~[spring-beans-5.2.9.RELEASE.jar:5.2.9.RELEASE]
	at org.springframework.beans.factory.annotation.InjectionMetadata.inject(InjectionMetadata.java:130) ~[spring-beans-5.2.9.RELEASE.jar:5.2.9.RELEASE]
	at org.springframework.beans.factory.annotation.AutowiredAnnotationBeanPostProcessor.postProcessProperties(AutowiredAnnotationBeanPostProcessor.java:399) ~[spring-beans-5.2.9.RELEASE.jar:5.2.9.RELEASE]
	at org.springframework.beans.factory.support.AbstractAutowireCapableBeanFactory.populateBean(AbstractAutowireCapableBeanFactory.java:1420) ~[spring-beans-5.2.9.RELEASE.jar:5.2.9.RELEASE]
	at org.springframework.beans.factory.support.AbstractAutowireCapableBeanFactory.doCreateBean(AbstractAutowireCapableBeanFactory.java:593) ~[spring-beans-5.2.9.RELEASE.jar:5.2.9.RELEASE]
	at org.springframework.beans.factory.support.AbstractAutowireCapableBeanFactory.createBean(AbstractAutowireCapableBeanFactory.java:516) ~[spring-beans-5.2.9.RELEASE.jar:5.2.9.RELEASE]
	at org.springframework.beans.factory.support.AbstractBeanFactory.lambda$doGetBean$0(AbstractBeanFactory.java:324) ~[spring-beans-5.2.9.RELEASE.jar:5.2.9.RELEASE]
	at org.springframework.beans.factory.support.DefaultSingletonBeanRegistry.getSingleton(DefaultSingletonBeanRegistry.java:234) ~[spring-beans-5.2.9.RELEASE.jar:5.2.9.RELEASE]
	at org.springframework.beans.factory.support.AbstractBeanFactory.doGetBean(AbstractBeanFactory.java:322) ~[spring-beans-5.2.9.RELEASE.jar:5.2.9.RELEASE]
	at org.springframework.beans.factory.support.AbstractBeanFactory.getBean(AbstractBeanFactory.java:202) ~[spring-beans-5.2.9.RELEASE.jar:5.2.9.RELEASE]
	at org.springframework.beans.factory.support.DefaultListableBeanFactory.preInstantiateSingletons(DefaultListableBeanFactory.java:897) ~[spring-beans-5.2.9.RELEASE.jar:5.2.9.RELEASE]
	at org.springframework.context.support.AbstractApplicationContext.finishBeanFactoryInitialization(AbstractApplicationContext.java:879) ~[spring-context-5.2.9.RELEASE.jar:5.2.9.RELEASE]
	at org.springframework.context.support.AbstractApplicationContext.refresh(AbstractApplicationContext.java:551) ~[spring-context-5.2.9.RELEASE.jar:5.2.9.RELEASE]
	at org.springframework.boot.web.servlet.context.ServletWebServerApplicationContext.refresh(ServletWebServerApplicationContext.java:143) ~[spring-boot-2.3.4.RELEASE.jar:2.3.4.RELEASE]
	at org.springframework.boot.SpringApplication.refresh(SpringApplication.java:758) [spring-boot-2.3.4.RELEASE.jar:2.3.4.RELEASE]
	at org.springframework.boot.SpringApplication.refresh(SpringApplication.java:750) [spring-boot-2.3.4.RELEASE.jar:2.3.4.RELEASE]
	at org.springframework.boot.SpringApplication.refreshContext(SpringApplication.java:397) [spring-boot-2.3.4.RELEASE.jar:2.3.4.RELEASE]
	at org.springframework.boot.SpringApplication.run(SpringApplication.java:315) [spring-boot-2.3.4.RELEASE.jar:2.3.4.RELEASE]
	at org.springframework.boot.SpringApplication.run(SpringApplication.java:1237) [spring-boot-2.3.4.RELEASE.jar:2.3.4.RELEASE]
	at org.springframework.boot.SpringApplication.run(SpringApplication.java:1226) [spring-boot-2.3.4.RELEASE.jar:2.3.4.RELEASE]
	at com.cg.ofd.RestaurantManagementApplication.main(RestaurantManagementApplication.java:28) [classes/:na]
	at sun.reflect.NativeMethodAccessorImpl.invoke0(Native Method) ~[na:1.8.0_201]
	at sun.reflect.NativeMethodAccessorImpl.invoke(NativeMethodAccessorImpl.java:62) ~[na:1.8.0_201]
	at sun.reflect.DelegatingMethodAccessorImpl.invoke(DelegatingMethodAccessorImpl.java:43) ~[na:1.8.0_201]
	at java.lang.reflect.Method.invoke(Method.java:498) ~[na:1.8.0_201]
	at org.springframework.boot.devtools.restart.RestartLauncher.run(RestartLauncher.java:49) [spring-boot-devtools-2.3.4.RELEASE.jar:2.3.4.RELEASE]
Caused by: org.springframework.beans.factory.BeanCreationException: Error creating bean with name 'restaurantServiceImpl' defined in file [D:\BootCamp Training\BootCamp2\Project\RestaurantManagement\target\classes\com\cg\ofd\service\RestaurantServiceImpl.class]: Instantiation of bean failed; nested exception is org.springframework.beans.BeanInstantiationException: Failed to instantiate [com.cg.ofd.service.RestaurantServiceImpl]: Constructor threw exception; nested exception is java.lang.Error: Unresolved compilation problem: 
	The method getItemName() is undefined for the type List<Items>

	at org.springframework.beans.factory.support.AbstractAutowireCapableBeanFactory.instantiateBean(AbstractAutowireCapableBeanFactory.java:1318) ~[spring-beans-5.2.9.RELEASE.jar:5.2.9.RELEASE]
	at org.springframework.beans.factory.support.AbstractAutowireCapableBeanFactory.createBeanInstance(AbstractAutowireCapableBeanFactory.java:1213) ~[spring-beans-5.2.9.RELEASE.jar:5.2.9.RELEASE]
	at org.springframework.beans.factory.support.AbstractAutowireCapableBeanFactory.doCreateBean(AbstractAutowireCapableBeanFactory.java:556) ~[spring-beans-5.2.9.RELEASE.jar:5.2.9.RELEASE]
	at org.springframework.beans.factory.support.AbstractAutowireCapableBeanFactory.createBean(AbstractAutowireCapableBeanFactory.java:516) ~[spring-beans-5.2.9.RELEASE.jar:5.2.9.RELEASE]
	at org.springframework.beans.factory.support.AbstractBeanFactory.lambda$doGetBean$0(AbstractBeanFactory.java:324) ~[spring-beans-5.2.9.RELEASE.jar:5.2.9.RELEASE]
	at org.springframework.beans.factory.support.DefaultSingletonBeanRegistry.getSingleton(DefaultSingletonBeanRegistry.java:234) ~[spring-beans-5.2.9.RELEASE.jar:5.2.9.RELEASE]
	at org.springframework.beans.factory.support.AbstractBeanFactory.doGetBean(AbstractBeanFactory.java:322) ~[spring-beans-5.2.9.RELEASE.jar:5.2.9.RELEASE]
	at org.springframework.beans.factory.support.AbstractBeanFactory.getBean(AbstractBeanFactory.java:202) ~[spring-beans-5.2.9.RELEASE.jar:5.2.9.RELEASE]
	at org.springframework.beans.factory.config.DependencyDescriptor.resolveCandidate(DependencyDescriptor.java:276) ~[spring-beans-5.2.9.RELEASE.jar:5.2.9.RELEASE]
	at org.springframework.beans.factory.support.DefaultListableBeanFactory.doResolveDependency(DefaultListableBeanFactory.java:1307) ~[spring-beans-5.2.9.RELEASE.jar:5.2.9.RELEASE]
	at org.springframework.beans.factory.support.DefaultListableBeanFactory.resolveDependency(DefaultListableBeanFactory.java:1227) ~[spring-beans-5.2.9.RELEASE.jar:5.2.9.RELEASE]
	at org.springframework.beans.factory.annotation.AutowiredAnnotationBeanPostProcessor$AutowiredFieldElement.inject(AutowiredAnnotationBeanPostProcessor.java:640) ~[spring-beans-5.2.9.RELEASE.jar:5.2.9.RELEASE]
	... 25 common frames omitted
Caused by: org.springframework.beans.BeanInstantiationException: Failed to instantiate [com.cg.ofd.service.RestaurantServiceImpl]: Constructor threw exception; nested exception is java.lang.Error: Unresolved compilation problem: 
	The method getItemName() is undefined for the type List<Items>

	at org.springframework.beans.BeanUtils.instantiateClass(BeanUtils.java:217) ~[spring-beans-5.2.9.RELEASE.jar:5.2.9.RELEASE]
	at org.springframework.beans.factory.support.SimpleInstantiationStrategy.instantiate(SimpleInstantiationStrategy.java:87) ~[spring-beans-5.2.9.RELEASE.jar:5.2.9.RELEASE]
	at org.springframework.beans.factory.support.AbstractAutowireCapableBeanFactory.instantiateBean(AbstractAutowireCapableBeanFactory.java:1310) ~[spring-beans-5.2.9.RELEASE.jar:5.2.9.RELEASE]
	... 36 common frames omitted
Caused by: java.lang.Error: Unresolved compilation problem: 
	The method getItemName() is undefined for the type List<Items>

	at com.cg.ofd.service.RestaurantServiceImpl.<init>(RestaurantServiceImpl.java:56) ~[classes/:na]
	at sun.reflect.NativeConstructorAccessorImpl.newInstance0(Native Method) ~[na:1.8.0_201]
	at sun.reflect.NativeConstructorAccessorImpl.newInstance(NativeConstructorAccessorImpl.java:62) ~[na:1.8.0_201]
	at sun.reflect.DelegatingConstructorAccessorImpl.newInstance(DelegatingConstructorAccessorImpl.java:45) ~[na:1.8.0_201]
	at java.lang.reflect.Constructor.newInstance(Constructor.java:423) ~[na:1.8.0_201]
	at org.springframework.beans.BeanUtils.instantiateClass(BeanUtils.java:204) ~[spring-beans-5.2.9.RELEASE.jar:5.2.9.RELEASE]
	... 38 common frames omitted

2020-10-29 15:44:29.490  INFO 41320 --- [restartedMain] c.c.ofd.RestaurantManagementApplication  : No active profile set, falling back to default profiles: default
2020-10-29 15:44:30.832  WARN 41320 --- [restartedMain] JpaBaseConfiguration$JpaWebConfiguration : spring.jpa.open-in-view is enabled by default. Therefore, database queries may be performed during view rendering. Explicitly configure spring.jpa.open-in-view to disable this warning
2020-10-29 15:44:31.539  WARN 41320 --- [restartedMain] c.n.c.sources.URLConfigurationSource     : No URLs will be polled as dynamic configuration sources.
2020-10-29 15:44:32.101  WARN 41320 --- [restartedMain] ockingLoadBalancerClientRibbonWarnLogger : You already have RibbonLoadBalancerClient on your classpath. It will be used by default. As Spring Cloud Ribbon is in maintenance mode. We recommend switching to BlockingLoadBalancerClient instead. In order to use it, set the value of `spring.cloud.loadbalancer.ribbon.enabled` to `false` or remove spring-cloud-starter-netflix-ribbon from your project.
2020-10-29 15:44:32.756  INFO 41320 --- [restartedMain] c.c.ofd.RestaurantManagementApplication  : Started RestaurantManagementApplication in 4.207 seconds (JVM running for 6812.447)
2020-10-29 15:45:48.472  WARN 41320 --- [Thread-92] com.netflix.discovery.DiscoveryClient    : Saw local status change event StatusChangeEvent [timestamp=1603966548472, current=DOWN, previous=UP]
2020-10-29 15:45:53.289  INFO 41320 --- [restartedMain] c.c.ofd.RestaurantManagementApplication  : No active profile set, falling back to default profiles: default
2020-10-29 15:45:54.518  WARN 41320 --- [restartedMain] JpaBaseConfiguration$JpaWebConfiguration : spring.jpa.open-in-view is enabled by default. Therefore, database queries may be performed during view rendering. Explicitly configure spring.jpa.open-in-view to disable this warning
2020-10-29 15:45:55.217  WARN 41320 --- [restartedMain] c.n.c.sources.URLConfigurationSource     : No URLs will be polled as dynamic configuration sources.
2020-10-29 15:45:55.856  WARN 41320 --- [restartedMain] ockingLoadBalancerClientRibbonWarnLogger : You already have RibbonLoadBalancerClient on your classpath. It will be used by default. As Spring Cloud Ribbon is in maintenance mode. We recommend switching to BlockingLoadBalancerClient instead. In order to use it, set the value of `spring.cloud.loadbalancer.ribbon.enabled` to `false` or remove spring-cloud-starter-netflix-ribbon from your project.
2020-10-29 15:45:56.536  INFO 41320 --- [restartedMain] c.c.ofd.RestaurantManagementApplication  : Started RestaurantManagementApplication in 4.156 seconds (JVM running for 6896.227)
2020-10-29 15:46:27.187  INFO 41320 --- [http-nio-9002-exec-1] c.c.ofd.controller.RestaurantController  : Inside findALlRestaurant() method of RestaurantController
2020-10-29 15:48:26.637  WARN 41320 --- [Thread-115] com.netflix.discovery.DiscoveryClient    : Saw local status change event StatusChangeEvent [timestamp=1603966706637, current=DOWN, previous=UP]
2020-10-29 15:48:31.599  INFO 41320 --- [restartedMain] c.c.ofd.RestaurantManagementApplication  : No active profile set, falling back to default profiles: default
2020-10-29 15:48:32.969  WARN 41320 --- [restartedMain] JpaBaseConfiguration$JpaWebConfiguration : spring.jpa.open-in-view is enabled by default. Therefore, database queries may be performed during view rendering. Explicitly configure spring.jpa.open-in-view to disable this warning
2020-10-29 15:48:33.621  WARN 41320 --- [restartedMain] c.n.c.sources.URLConfigurationSource     : No URLs will be polled as dynamic configuration sources.
2020-10-29 15:48:34.160  WARN 41320 --- [restartedMain] ockingLoadBalancerClientRibbonWarnLogger : You already have RibbonLoadBalancerClient on your classpath. It will be used by default. As Spring Cloud Ribbon is in maintenance mode. We recommend switching to BlockingLoadBalancerClient instead. In order to use it, set the value of `spring.cloud.loadbalancer.ribbon.enabled` to `false` or remove spring-cloud-starter-netflix-ribbon from your project.
2020-10-29 15:48:34.761  INFO 41320 --- [restartedMain] c.c.ofd.RestaurantManagementApplication  : Started RestaurantManagementApplication in 4.4 seconds (JVM running for 7054.452)
