2020-11-01 14:08:53.222  INFO 11568 --- [restartedMain] c.c.o.c.CustomerModuleApplication        : No active profile set, falling back to default profiles: default
2020-11-01 14:08:54.357  WARN 11568 --- [restartedMain] o.s.boot.actuate.endpoint.EndpointId     : Endpoint ID 'service-registry' contains invalid characters, please migrate to a valid format.
2020-11-01 14:08:55.240  WARN 11568 --- [restartedMain] c.n.c.sources.URLConfigurationSource     : No URLs will be polled as dynamic configuration sources.
2020-11-01 14:08:55.609  WARN 11568 --- [restartedMain] JpaBaseConfiguration$JpaWebConfiguration : spring.jpa.open-in-view is enabled by default. Therefore, database queries may be performed during view rendering. Explicitly configure spring.jpa.open-in-view to disable this warning
2020-11-01 14:08:57.594  WARN 11568 --- [task-2] o.s.b.d.a.OptionalLiveReloadServer       : Unable to start LiveReload server
2020-11-01 14:08:57.641  WARN 11568 --- [restartedMain] c.n.c.sources.URLConfigurationSource     : No URLs will be polled as dynamic configuration sources.
2020-11-01 14:09:00.376  WARN 11568 --- [restartedMain] ockingLoadBalancerClientRibbonWarnLogger : You already have RibbonLoadBalancerClient on your classpath. It will be used by default. As Spring Cloud Ribbon is in maintenance mode. We recommend switching to BlockingLoadBalancerClient instead. In order to use it, set the value of `spring.cloud.loadbalancer.ribbon.enabled` to `false` or remove spring-cloud-starter-netflix-ribbon from your project.
2020-11-01 14:09:03.896  INFO 11568 --- [restartedMain] c.c.o.c.CustomerModuleApplication        : Started CustomerModuleApplication in 14.589 seconds (JVM running for 15.552)
2020-11-01 14:09:45.726  WARN 11568 --- [http-nio-2701-exec-1] .m.m.a.ExceptionHandlerExceptionResolver : Resolved [org.springframework.web.bind.MethodArgumentNotValidException: Validation failed for argument [0] in public com.cg.ofd.customer.entity.Customer com.cg.ofd.customer.controller.CustomerController.addCustomer(com.cg.ofd.customer.entity.Customer): [Field error in object 'customer' on field 'lastName': rejected value []; codes [Size.customer.lastName,Size.lastName,Size.java.lang.String,Size]; arguments [org.springframework.context.support.DefaultMessageSourceResolvable: codes [customer.lastName,lastName]; arguments []; default message [lastName],2147483647,2]; default message [Last Name must contain at least 2 characters]] ]
2020-11-01 14:09:55.242  INFO 11568 --- [http-nio-2701-exec-2] c.c.o.c.controller.CustomerController    : Inside addCustomer() method of Customer Controller
2020-11-01 14:10:02.121  INFO 11568 --- [http-nio-2701-exec-3] c.c.o.c.controller.CustomerController    : Inside getAllCustomer() method of Customer Controller
2020-11-01 14:10:02.275  WARN 11568 --- [http-nio-2701-exec-3] .m.m.a.ExceptionHandlerExceptionResolver : Resolved [org.springframework.orm.jpa.JpaSystemException: No default constructor for entity:  : com.cg.ofd.customer.entity.Customer; nested exception is org.hibernate.InstantiationException: No default constructor for entity:  : com.cg.ofd.customer.entity.Customer]
2020-11-01 14:10:47.237  INFO 11568 --- [http-nio-2701-exec-4] c.c.o.c.controller.CustomerController    : Inside getAllCustomer() method of Customer Controller
2020-11-01 14:10:47.241  WARN 11568 --- [http-nio-2701-exec-4] .m.m.a.ExceptionHandlerExceptionResolver : Resolved [org.springframework.orm.jpa.JpaSystemException: No default constructor for entity:  : com.cg.ofd.customer.entity.Customer; nested exception is org.hibernate.InstantiationException: No default constructor for entity:  : com.cg.ofd.customer.entity.Customer]
2020-11-01 14:11:15.776  WARN 11568 --- [Thread-2] com.netflix.discovery.DiscoveryClient    : Saw local status change event StatusChangeEvent [timestamp=1604220075776, current=DOWN, previous=UP]
2020-11-01 14:11:22.607  INFO 11568 --- [restartedMain] c.c.o.c.CustomerModuleApplication        : No active profile set, falling back to default profiles: default
2020-11-01 14:11:23.479  WARN 11568 --- [restartedMain] JpaBaseConfiguration$JpaWebConfiguration : spring.jpa.open-in-view is enabled by default. Therefore, database queries may be performed during view rendering. Explicitly configure spring.jpa.open-in-view to disable this warning
2020-11-01 14:11:25.187  WARN 11568 --- [task-2] o.s.b.d.a.OptionalLiveReloadServer       : Unable to start LiveReload server
2020-11-01 14:11:25.199  WARN 11568 --- [restartedMain] c.n.c.sources.URLConfigurationSource     : No URLs will be polled as dynamic configuration sources.
2020-11-01 14:11:26.865  WARN 11568 --- [restartedMain] ockingLoadBalancerClientRibbonWarnLogger : You already have RibbonLoadBalancerClient on your classpath. It will be used by default. As Spring Cloud Ribbon is in maintenance mode. We recommend switching to BlockingLoadBalancerClient instead. In order to use it, set the value of `spring.cloud.loadbalancer.ribbon.enabled` to `false` or remove spring-cloud-starter-netflix-ribbon from your project.
2020-11-01 14:11:28.581  INFO 11568 --- [restartedMain] c.c.o.c.CustomerModuleApplication        : Started CustomerModuleApplication in 9.126 seconds (JVM running for 160.238)
2020-11-01 14:11:32.758  WARN 11568 --- [RMI TCP Connection(4)-127.0.0.1] com.netflix.discovery.DiscoveryClient    : Saw local status change event StatusChangeEvent [timestamp=1604220092758, current=DOWN, previous=UP]
2020-11-01 14:11:51.266  INFO 8528 --- [restartedMain] c.c.o.c.CustomerModuleApplication        : No active profile set, falling back to default profiles: default
2020-11-01 14:11:52.317  WARN 8528 --- [restartedMain] o.s.boot.actuate.endpoint.EndpointId     : Endpoint ID 'service-registry' contains invalid characters, please migrate to a valid format.
2020-11-01 14:11:53.072  WARN 8528 --- [restartedMain] c.n.c.sources.URLConfigurationSource     : No URLs will be polled as dynamic configuration sources.
2020-11-01 14:11:53.434  WARN 8528 --- [restartedMain] JpaBaseConfiguration$JpaWebConfiguration : spring.jpa.open-in-view is enabled by default. Therefore, database queries may be performed during view rendering. Explicitly configure spring.jpa.open-in-view to disable this warning
2020-11-01 14:11:55.470  WARN 8528 --- [task-2] o.s.b.d.a.OptionalLiveReloadServer       : Unable to start LiveReload server
2020-11-01 14:11:55.489  WARN 8528 --- [restartedMain] c.n.c.sources.URLConfigurationSource     : No URLs will be polled as dynamic configuration sources.
2020-11-01 14:11:57.507  WARN 8528 --- [restartedMain] ockingLoadBalancerClientRibbonWarnLogger : You already have RibbonLoadBalancerClient on your classpath. It will be used by default. As Spring Cloud Ribbon is in maintenance mode. We recommend switching to BlockingLoadBalancerClient instead. In order to use it, set the value of `spring.cloud.loadbalancer.ribbon.enabled` to `false` or remove spring-cloud-starter-netflix-ribbon from your project.
2020-11-01 14:12:00.134  INFO 8528 --- [restartedMain] c.c.o.c.CustomerModuleApplication        : Started CustomerModuleApplication in 12.81 seconds (JVM running for 13.776)
2020-11-01 14:12:53.920  INFO 8528 --- [http-nio-2701-exec-1] c.c.o.c.controller.CustomerController    : Inside getAllCustomer() method of Customer Controller
2020-11-01 14:13:00.388  INFO 8528 --- [http-nio-2701-exec-2] c.c.o.c.controller.CustomerController    : Inside getCustomerById() method of Customer Controller
2020-11-01 14:13:00.417  WARN 8528 --- [http-nio-2701-exec-2] .m.m.a.ExceptionHandlerExceptionResolver : Resolved [java.util.NoSuchElementException: No value present]
2020-11-01 14:13:31.256  WARN 8528 --- [Thread-2] com.netflix.discovery.DiscoveryClient    : Saw local status change event StatusChangeEvent [timestamp=1604220211256, current=DOWN, previous=UP]
2020-11-01 14:13:38.018  INFO 8528 --- [restartedMain] c.c.o.c.CustomerModuleApplication        : No active profile set, falling back to default profiles: default
2020-11-01 14:13:38.814  WARN 8528 --- [restartedMain] JpaBaseConfiguration$JpaWebConfiguration : spring.jpa.open-in-view is enabled by default. Therefore, database queries may be performed during view rendering. Explicitly configure spring.jpa.open-in-view to disable this warning
2020-11-01 14:13:40.514  WARN 8528 --- [task-2] o.s.b.d.a.OptionalLiveReloadServer       : Unable to start LiveReload server
2020-11-01 14:13:40.537  WARN 8528 --- [restartedMain] c.n.c.sources.URLConfigurationSource     : No URLs will be polled as dynamic configuration sources.
2020-11-01 14:13:42.246  WARN 8528 --- [restartedMain] ockingLoadBalancerClientRibbonWarnLogger : You already have RibbonLoadBalancerClient on your classpath. It will be used by default. As Spring Cloud Ribbon is in maintenance mode. We recommend switching to BlockingLoadBalancerClient instead. In order to use it, set the value of `spring.cloud.loadbalancer.ribbon.enabled` to `false` or remove spring-cloud-starter-netflix-ribbon from your project.
2020-11-01 14:13:43.999  INFO 8528 --- [restartedMain] c.c.o.c.CustomerModuleApplication        : Started CustomerModuleApplication in 9.129 seconds (JVM running for 117.642)
2020-11-01 14:14:10.967  WARN 8528 --- [RMI TCP Connection(4)-127.0.0.1] com.netflix.discovery.DiscoveryClient    : Saw local status change event StatusChangeEvent [timestamp=1604220250967, current=DOWN, previous=UP]
2020-11-01 14:14:14.325  WARN 8528 --- [DiscoveryClient-0] c.netflix.discovery.TimedSupervisorTask  : task supervisor shutting down, can't accept the task
2020-11-01 14:35:53.675  INFO 5680 --- [restartedMain] c.c.o.c.CustomerModuleApplication        : No active profile set, falling back to default profiles: default
2020-11-01 14:35:54.636  WARN 5680 --- [restartedMain] o.s.boot.actuate.endpoint.EndpointId     : Endpoint ID 'service-registry' contains invalid characters, please migrate to a valid format.
2020-11-01 14:35:55.356  WARN 5680 --- [restartedMain] c.n.c.sources.URLConfigurationSource     : No URLs will be polled as dynamic configuration sources.
2020-11-01 14:35:55.736  WARN 5680 --- [restartedMain] JpaBaseConfiguration$JpaWebConfiguration : spring.jpa.open-in-view is enabled by default. Therefore, database queries may be performed during view rendering. Explicitly configure spring.jpa.open-in-view to disable this warning
2020-11-01 14:35:57.747  WARN 5680 --- [task-2] o.s.b.d.a.OptionalLiveReloadServer       : Unable to start LiveReload server
2020-11-01 14:35:57.768  WARN 5680 --- [restartedMain] c.n.c.sources.URLConfigurationSource     : No URLs will be polled as dynamic configuration sources.
2020-11-01 14:35:59.793  WARN 5680 --- [restartedMain] ockingLoadBalancerClientRibbonWarnLogger : You already have RibbonLoadBalancerClient on your classpath. It will be used by default. As Spring Cloud Ribbon is in maintenance mode. We recommend switching to BlockingLoadBalancerClient instead. In order to use it, set the value of `spring.cloud.loadbalancer.ribbon.enabled` to `false` or remove spring-cloud-starter-netflix-ribbon from your project.
2020-11-01 14:36:02.620  INFO 5680 --- [restartedMain] c.c.o.c.CustomerModuleApplication        : Started CustomerModuleApplication in 12.768 seconds (JVM running for 13.67)
2020-11-01 14:36:12.995  INFO 5680 --- [http-nio-2701-exec-1] c.c.o.c.controller.CustomerController    : Inside addCustomer() method of Customer Controller
2020-11-01 14:36:58.034  WARN 5680 --- [RMI TCP Connection(4)-127.0.0.1] com.netflix.discovery.DiscoveryClient    : Saw local status change event StatusChangeEvent [timestamp=1604221618034, current=DOWN, previous=UP]
2020-11-01 14:37:01.434  WARN 5680 --- [DiscoveryClient-1] c.netflix.discovery.TimedSupervisorTask  : task supervisor shutting down, can't accept the task
